Flow report for uart
Sat Feb 28 00:26:10 2015
Quartus II 64-Bit Version 14.1.1 Build 190 01/19/2015 SJ Web Edition


---------------------
; Table of Contents ;
---------------------
  1. Legal Notice
  2. Flow Summary
  3. Flow Settings
  4. Flow Non-Default Global Settings
  5. Flow Elapsed Time
  6. Flow OS Summary
  7. Flow Log
  8. Flow Messages
  9. Flow Suppressed Messages



----------------
; Legal Notice ;
----------------
Copyright (C) 1991-2015 Altera Corporation. All rights reserved.
Your use of Altera Corporation's design tools, logic functions 
and other software and tools, and its AMPP partner logic 
functions, and any output files from any of the foregoing 
(including device programming or simulation files), and any 
associated documentation or information are expressly subject 
to the terms and conditions of the Altera Program License 
Subscription Agreement, the Altera Quartus II License Agreement,
the Altera MegaCore Function License Agreement, or other 
applicable license agreement, including, without limitation, 
that your use is for the sole purpose of programming logic 
devices manufactured by Altera and sold by Altera or its 
authorized distributors.  Please refer to the applicable 
agreement for further details.



+---------------------------------------------------------------------------------+
; Flow Summary                                                                    ;
+------------------------------------+--------------------------------------------+
; Flow Status                        ; Successful - Sat Feb 28 00:26:10 2015      ;
; Quartus II 64-Bit Version          ; 14.1.1 Build 190 01/19/2015 SJ Web Edition ;
; Revision Name                      ; uart                                       ;
; Top-level Entity Name              ; uart                                       ;
; Family                             ; Cyclone IV E                               ;
; Device                             ; EP4CE10F17C8                               ;
; Timing Models                      ; Final                                      ;
; Total logic elements               ; 115                                        ;
;     Total combinational functions  ; 92                                         ;
;     Dedicated logic registers      ; 72                                         ;
; Total registers                    ; 72                                         ;
; Total pins                         ; 4                                          ;
; Total virtual pins                 ; 0                                          ;
; Total memory bits                  ; 0                                          ;
; Embedded Multiplier 9-bit elements ; 0                                          ;
; Total PLLs                         ; 0                                          ;
+------------------------------------+--------------------------------------------+


+-----------------------------------------+
; Flow Settings                           ;
+-------------------+---------------------+
; Option            ; Setting             ;
+-------------------+---------------------+
; Start date & time ; 02/28/2015 00:25:59 ;
; Main task         ; Compilation         ;
; Revision Name     ; uart                ;
+-------------------+---------------------+


+---------------------------------------------------------------------------------------------------------------------------------+
; Flow Non-Default Global Settings                                                                                                ;
+---------------------------------------+----------------------------------------------+---------------+-------------+------------+
; Assignment Name                       ; Value                                        ; Default Value ; Entity Name ; Section Id ;
+---------------------------------------+----------------------------------------------+---------------+-------------+------------+
; COMPILER_SIGNATURE_ID                 ; 132098954495480.142507235907096              ; --            ; --          ; --         ;
; MAX_CORE_JUNCTION_TEMP                ; 85                                           ; --            ; --          ; --         ;
; MIN_CORE_JUNCTION_TEMP                ; 0                                            ; --            ; --          ; --         ;
; MISC_FILE                             ; D:/uart/uart.dpf                             ; --            ; --          ; --         ;
; MISC_FILE                             ; D:/fpga_project/EP3C40/verilog/uart/uart.dpf ; --            ; --          ; --         ;
; MISC_FILE                             ; E:/Program/EP2C8Q/verilog/UART/uart.dpf      ; --            ; --          ; --         ;
; OUTPUT_IO_TIMING_FAR_END_VMEAS        ; Half Signal Swing                            ; --            ; --          ; --         ;
; OUTPUT_IO_TIMING_FAR_END_VMEAS        ; Half Signal Swing                            ; --            ; --          ; --         ;
; OUTPUT_IO_TIMING_NEAR_END_VMEAS       ; Half Vccio                                   ; --            ; --          ; --         ;
; OUTPUT_IO_TIMING_NEAR_END_VMEAS       ; Half Vccio                                   ; --            ; --          ; --         ;
; PARTITION_COLOR                       ; 16764057                                     ; --            ; --          ; Top        ;
; PARTITION_FITTER_PRESERVATION_LEVEL   ; PLACEMENT_AND_ROUTING                        ; --            ; --          ; Top        ;
; PARTITION_NETLIST_TYPE                ; SOURCE                                       ; --            ; --          ; Top        ;
; POWER_EXT_SUPPLY_VOLTAGE_TO_REGULATOR ; 3.3V                                         ; --            ; --          ; --         ;
+---------------------------------------+----------------------------------------------+---------------+-------------+------------+


+--------------------------------------------------------------------------------------------------------------------------+
; Flow Elapsed Time                                                                                                        ;
+----------------------+--------------+-------------------------+---------------------+------------------------------------+
; Module Name          ; Elapsed Time ; Average Processors Used ; Peak Virtual Memory ; Total CPU Time (on all processors) ;
+----------------------+--------------+-------------------------+---------------------+------------------------------------+
; Analysis & Synthesis ; 00:00:11     ; 1.0                     ; 674 MB              ; 00:00:27                           ;
; Total                ; 00:00:11     ; --                      ; --                  ; 00:00:27                           ;
+----------------------+--------------+-------------------------+---------------------+------------------------------------+


+-----------------------------------------------------------------------------------+
; Flow OS Summary                                                                   ;
+----------------------+------------------+-----------+------------+----------------+
; Module Name          ; Machine Hostname ; OS Name   ; OS Version ; Processor type ;
+----------------------+------------------+-----------+------------+----------------+
; Analysis & Synthesis ; Nanamin          ; Windows 7 ; 6.1        ; x86_64         ;
+----------------------+------------------+-----------+------------+----------------+


------------
; Flow Log ;
------------
quartus_map --read_settings_files=on --write_settings_files=off uart -c uart



